2017-08-24 21:30:33.792 [http-nio-8081-exec-9] INFO  com.udiannet.passenger.statistice.proxy.filter.CommonFilter - executing request http://api.resource.dotransit.net/basedata/auth/user
2017-08-24 21:30:33.940 [http-nio-8081-exec-9] INFO  com.udiannet.passenger.statistice.proxy.filter.CommonFilter - 用户:chaoji01 验证权限
2017-08-24 21:30:33.941 [http-nio-8081-exec-9] INFO  com.udiannet.passenger.statistice.proxy.filter.CommonFilter - token验证成功， do filter! 请求url:http://localhost:8081
2017-08-24 21:36:54.551 [http-nio-8081-exec-1] INFO  com.udiannet.passenger.statistice.proxy.filter.CommonFilter - executing request http://api.resource.dotransit.net/basedata/auth/user
2017-08-24 21:36:54.590 [http-nio-8081-exec-1] INFO  com.udiannet.passenger.statistice.proxy.filter.CommonFilter - 用户:chaoji01 验证权限
2017-08-24 21:36:54.971 [http-nio-8081-exec-1] INFO  com.udiannet.passenger.statistice.proxy.filter.CommonFilter - token验证成功， do filter! 请求url:http://localhost:8081
2017-08-24 21:36:55.004 [http-nio-8081-exec-1] ERROR org.apache.catalina.core.ContainerBase.[Tomcat].[localhost].[/].[didiProxySerlet] - Servlet.service() for servlet [didiProxySerlet] in context with path [] threw exception
java.lang.IllegalStateException: getReader() has already been called for this request
	at org.apache.catalina.connector.Request.getInputStream(Request.java:1077) ~[tomcat-embed-core-8.5.15.jar:8.5.15]
	at org.apache.catalina.connector.RequestFacade.getInputStream(RequestFacade.java:365) ~[tomcat-embed-core-8.5.15.jar:8.5.15]
	at org.mitre.dsmiley.httpproxy.ProxyServlet.newProxyRequestWithEntity(ProxyServlet.java:331) ~[smiley-http-proxy-servlet-1.9.jar:?]
	at com.udiannet.passenger.statistice.proxy.httpproxy.DidiProxySerlet.service(DidiProxySerlet.java:50) ~[classes/:?]
	at javax.servlet.http.HttpServlet.service(HttpServlet.java:742) ~[tomcat-embed-core-8.5.15.jar:8.5.15]
	at org.apache.catalina.core.ApplicationFilterChain.internalDoFilter(ApplicationFilterChain.java:231) ~[tomcat-embed-core-8.5.15.jar:8.5.15]
	at org.apache.catalina.core.ApplicationFilterChain.doFilter(ApplicationFilterChain.java:166) ~[tomcat-embed-core-8.5.15.jar:8.5.15]
	at org.apache.tomcat.websocket.server.WsFilter.doFilter(WsFilter.java:52) ~[tomcat-embed-websocket-8.5.15.jar:8.5.15]
	at org.apache.catalina.core.ApplicationFilterChain.internalDoFilter(ApplicationFilterChain.java:193) ~[tomcat-embed-core-8.5.15.jar:8.5.15]
	at org.apache.catalina.core.ApplicationFilterChain.doFilter(ApplicationFilterChain.java:166) ~[tomcat-embed-core-8.5.15.jar:8.5.15]
	at com.udiannet.passenger.statistice.proxy.filter.CommonFilter.doFilter(CommonFilter.java:105) ~[classes/:?]
	at org.apache.catalina.core.ApplicationFilterChain.internalDoFilter(ApplicationFilterChain.java:193) ~[tomcat-embed-core-8.5.15.jar:8.5.15]
	at org.apache.catalina.core.ApplicationFilterChain.doFilter(ApplicationFilterChain.java:166) ~[tomcat-embed-core-8.5.15.jar:8.5.15]
	at org.springframework.web.filter.RequestContextFilter.doFilterInternal(RequestContextFilter.java:99) ~[spring-web-4.3.9.RELEASE.jar:4.3.9.RELEASE]
	at org.springframework.web.filter.OncePerRequestFilter.doFilter(OncePerRequestFilter.java:107) ~[spring-web-4.3.9.RELEASE.jar:4.3.9.RELEASE]
	at org.apache.catalina.core.ApplicationFilterChain.internalDoFilter(ApplicationFilterChain.java:193) ~[tomcat-embed-core-8.5.15.jar:8.5.15]
	at org.apache.catalina.core.ApplicationFilterChain.doFilter(ApplicationFilterChain.java:166) ~[tomcat-embed-core-8.5.15.jar:8.5.15]
	at org.springframework.web.filter.HttpPutFormContentFilter.doFilterInternal(HttpPutFormContentFilter.java:105) ~[spring-web-4.3.9.RELEASE.jar:4.3.9.RELEASE]
	at org.springframework.web.filter.OncePerRequestFilter.doFilter(OncePerRequestFilter.java:107) ~[spring-web-4.3.9.RELEASE.jar:4.3.9.RELEASE]
	at org.apache.catalina.core.ApplicationFilterChain.internalDoFilter(ApplicationFilterChain.java:193) ~[tomcat-embed-core-8.5.15.jar:8.5.15]
	at org.apache.catalina.core.ApplicationFilterChain.doFilter(ApplicationFilterChain.java:166) ~[tomcat-embed-core-8.5.15.jar:8.5.15]
	at org.springframework.web.filter.HiddenHttpMethodFilter.doFilterInternal(HiddenHttpMethodFilter.java:81) ~[spring-web-4.3.9.RELEASE.jar:4.3.9.RELEASE]
	at org.springframework.web.filter.OncePerRequestFilter.doFilter(OncePerRequestFilter.java:107) ~[spring-web-4.3.9.RELEASE.jar:4.3.9.RELEASE]
	at org.apache.catalina.core.ApplicationFilterChain.internalDoFilter(ApplicationFilterChain.java:193) ~[tomcat-embed-core-8.5.15.jar:8.5.15]
	at org.apache.catalina.core.ApplicationFilterChain.doFilter(ApplicationFilterChain.java:166) ~[tomcat-embed-core-8.5.15.jar:8.5.15]
	at org.springframework.web.filter.CharacterEncodingFilter.doFilterInternal(CharacterEncodingFilter.java:197) ~[spring-web-4.3.9.RELEASE.jar:4.3.9.RELEASE]
	at org.springframework.web.filter.OncePerRequestFilter.doFilter(OncePerRequestFilter.java:107) ~[spring-web-4.3.9.RELEASE.jar:4.3.9.RELEASE]
	at org.apache.catalina.core.ApplicationFilterChain.internalDoFilter(ApplicationFilterChain.java:193) ~[tomcat-embed-core-8.5.15.jar:8.5.15]
	at org.apache.catalina.core.ApplicationFilterChain.doFilter(ApplicationFilterChain.java:166) ~[tomcat-embed-core-8.5.15.jar:8.5.15]
	at org.apache.catalina.core.StandardWrapperValve.invoke(StandardWrapperValve.java:198) [tomcat-embed-core-8.5.15.jar:8.5.15]
	at org.apache.catalina.core.StandardContextValve.invoke(StandardContextValve.java:96) [tomcat-embed-core-8.5.15.jar:8.5.15]
	at org.apache.catalina.authenticator.AuthenticatorBase.invoke(AuthenticatorBase.java:478) [tomcat-embed-core-8.5.15.jar:8.5.15]
	at org.apache.catalina.core.StandardHostValve.invoke(StandardHostValve.java:140) [tomcat-embed-core-8.5.15.jar:8.5.15]
	at org.apache.catalina.valves.ErrorReportValve.invoke(ErrorReportValve.java:80) [tomcat-embed-core-8.5.15.jar:8.5.15]
	at org.apache.catalina.core.StandardEngineValve.invoke(StandardEngineValve.java:87) [tomcat-embed-core-8.5.15.jar:8.5.15]
	at org.apache.catalina.connector.CoyoteAdapter.service(CoyoteAdapter.java:342) [tomcat-embed-core-8.5.15.jar:8.5.15]
	at org.apache.coyote.http11.Http11Processor.service(Http11Processor.java:799) [tomcat-embed-core-8.5.15.jar:8.5.15]
	at org.apache.coyote.AbstractProcessorLight.process(AbstractProcessorLight.java:66) [tomcat-embed-core-8.5.15.jar:8.5.15]
	at org.apache.coyote.AbstractProtocol$ConnectionHandler.process(AbstractProtocol.java:861) [tomcat-embed-core-8.5.15.jar:8.5.15]
	at org.apache.tomcat.util.net.NioEndpoint$SocketProcessor.doRun(NioEndpoint.java:1455) [tomcat-embed-core-8.5.15.jar:8.5.15]
	at org.apache.tomcat.util.net.SocketProcessorBase.run(SocketProcessorBase.java:49) [tomcat-embed-core-8.5.15.jar:8.5.15]
	at java.util.concurrent.ThreadPoolExecutor.runWorker(ThreadPoolExecutor.java:1149) [?:1.8.0_144]
	at java.util.concurrent.ThreadPoolExecutor$Worker.run(ThreadPoolExecutor.java:624) [?:1.8.0_144]
	at org.apache.tomcat.util.threads.TaskThread$WrappingRunnable.run(TaskThread.java:61) [tomcat-embed-core-8.5.15.jar:8.5.15]
	at java.lang.Thread.run(Thread.java:748) [?:1.8.0_144]
2017-08-24 21:36:55.024 [http-nio-8081-exec-1] ERROR org.apache.catalina.core.ContainerBase.[Tomcat].[localhost].[/].[didiProxySerlet] - Servlet.service() for servlet [didiProxySerlet] threw exception
java.lang.IllegalStateException: getReader() has already been called for this request
	at org.apache.catalina.connector.Request.getInputStream(Request.java:1077) ~[tomcat-embed-core-8.5.15.jar:8.5.15]
	at org.apache.catalina.connector.RequestFacade.getInputStream(RequestFacade.java:365) ~[tomcat-embed-core-8.5.15.jar:8.5.15]
	at javax.servlet.ServletRequestWrapper.getInputStream(ServletRequestWrapper.java:144) ~[tomcat-embed-core-8.5.15.jar:8.5.15]
	at org.mitre.dsmiley.httpproxy.ProxyServlet.newProxyRequestWithEntity(ProxyServlet.java:331) ~[smiley-http-proxy-servlet-1.9.jar:?]
	at com.udiannet.passenger.statistice.proxy.httpproxy.DidiProxySerlet.service(DidiProxySerlet.java:50) ~[classes/:?]
	at javax.servlet.http.HttpServlet.service(HttpServlet.java:742) ~[tomcat-embed-core-8.5.15.jar:8.5.15]
	at org.apache.catalina.core.ApplicationFilterChain.internalDoFilter(ApplicationFilterChain.java:231) ~[tomcat-embed-core-8.5.15.jar:8.5.15]
	at org.apache.catalina.core.ApplicationFilterChain.doFilter(ApplicationFilterChain.java:166) ~[tomcat-embed-core-8.5.15.jar:8.5.15]
	at org.apache.catalina.core.ApplicationDispatcher.invoke(ApplicationDispatcher.java:728) [tomcat-embed-core-8.5.15.jar:8.5.15]
	at org.apache.catalina.core.ApplicationDispatcher.processRequest(ApplicationDispatcher.java:469) [tomcat-embed-core-8.5.15.jar:8.5.15]
	at org.apache.catalina.core.ApplicationDispatcher.doForward(ApplicationDispatcher.java:392) [tomcat-embed-core-8.5.15.jar:8.5.15]
	at org.apache.catalina.core.ApplicationDispatcher.forward(ApplicationDispatcher.java:311) [tomcat-embed-core-8.5.15.jar:8.5.15]
	at org.apache.catalina.core.StandardHostValve.custom(StandardHostValve.java:395) [tomcat-embed-core-8.5.15.jar:8.5.15]
	at org.apache.catalina.core.StandardHostValve.status(StandardHostValve.java:254) [tomcat-embed-core-8.5.15.jar:8.5.15]
	at org.apache.catalina.core.StandardHostValve.throwable(StandardHostValve.java:349) [tomcat-embed-core-8.5.15.jar:8.5.15]
	at org.apache.catalina.core.StandardHostValve.invoke(StandardHostValve.java:175) [tomcat-embed-core-8.5.15.jar:8.5.15]
	at org.apache.catalina.valves.ErrorReportValve.invoke(ErrorReportValve.java:80) [tomcat-embed-core-8.5.15.jar:8.5.15]
	at org.apache.catalina.core.StandardEngineValve.invoke(StandardEngineValve.java:87) [tomcat-embed-core-8.5.15.jar:8.5.15]
	at org.apache.catalina.connector.CoyoteAdapter.service(CoyoteAdapter.java:342) [tomcat-embed-core-8.5.15.jar:8.5.15]
	at org.apache.coyote.http11.Http11Processor.service(Http11Processor.java:799) [tomcat-embed-core-8.5.15.jar:8.5.15]
	at org.apache.coyote.AbstractProcessorLight.process(AbstractProcessorLight.java:66) [tomcat-embed-core-8.5.15.jar:8.5.15]
	at org.apache.coyote.AbstractProtocol$ConnectionHandler.process(AbstractProtocol.java:861) [tomcat-embed-core-8.5.15.jar:8.5.15]
	at org.apache.tomcat.util.net.NioEndpoint$SocketProcessor.doRun(NioEndpoint.java:1455) [tomcat-embed-core-8.5.15.jar:8.5.15]
	at org.apache.tomcat.util.net.SocketProcessorBase.run(SocketProcessorBase.java:49) [tomcat-embed-core-8.5.15.jar:8.5.15]
	at java.util.concurrent.ThreadPoolExecutor.runWorker(ThreadPoolExecutor.java:1149) [?:1.8.0_144]
	at java.util.concurrent.ThreadPoolExecutor$Worker.run(ThreadPoolExecutor.java:624) [?:1.8.0_144]
	at org.apache.tomcat.util.threads.TaskThread$WrappingRunnable.run(TaskThread.java:61) [tomcat-embed-core-8.5.15.jar:8.5.15]
	at java.lang.Thread.run(Thread.java:748) [?:1.8.0_144]
2017-08-24 21:36:55.026 [http-nio-8081-exec-1] ERROR org.apache.catalina.core.ContainerBase.[Tomcat].[localhost] - Exception Processing ErrorPage[errorCode=0, location=/error]
java.lang.IllegalStateException: getReader() has already been called for this request
	at org.apache.catalina.connector.Request.getInputStream(Request.java:1077) ~[tomcat-embed-core-8.5.15.jar:8.5.15]
	at org.apache.catalina.connector.RequestFacade.getInputStream(RequestFacade.java:365) ~[tomcat-embed-core-8.5.15.jar:8.5.15]
	at javax.servlet.ServletRequestWrapper.getInputStream(ServletRequestWrapper.java:144) ~[tomcat-embed-core-8.5.15.jar:8.5.15]
	at org.mitre.dsmiley.httpproxy.ProxyServlet.newProxyRequestWithEntity(ProxyServlet.java:331) ~[smiley-http-proxy-servlet-1.9.jar:?]
	at com.udiannet.passenger.statistice.proxy.httpproxy.DidiProxySerlet.service(DidiProxySerlet.java:50) ~[classes/:?]
	at javax.servlet.http.HttpServlet.service(HttpServlet.java:742) ~[tomcat-embed-core-8.5.15.jar:8.5.15]
	at org.apache.catalina.core.ApplicationFilterChain.internalDoFilter(ApplicationFilterChain.java:231) ~[tomcat-embed-core-8.5.15.jar:8.5.15]
	at org.apache.catalina.core.ApplicationFilterChain.doFilter(ApplicationFilterChain.java:166) ~[tomcat-embed-core-8.5.15.jar:8.5.15]
	at org.apache.catalina.core.ApplicationDispatcher.invoke(ApplicationDispatcher.java:728) ~[tomcat-embed-core-8.5.15.jar:8.5.15]
	at org.apache.catalina.core.ApplicationDispatcher.processRequest(ApplicationDispatcher.java:469) ~[tomcat-embed-core-8.5.15.jar:8.5.15]
	at org.apache.catalina.core.ApplicationDispatcher.doForward(ApplicationDispatcher.java:392) ~[tomcat-embed-core-8.5.15.jar:8.5.15]
	at org.apache.catalina.core.ApplicationDispatcher.forward(ApplicationDispatcher.java:311) ~[tomcat-embed-core-8.5.15.jar:8.5.15]
	at org.apache.catalina.core.StandardHostValve.custom(StandardHostValve.java:395) [tomcat-embed-core-8.5.15.jar:8.5.15]
	at org.apache.catalina.core.StandardHostValve.status(StandardHostValve.java:254) [tomcat-embed-core-8.5.15.jar:8.5.15]
	at org.apache.catalina.core.StandardHostValve.throwable(StandardHostValve.java:349) [tomcat-embed-core-8.5.15.jar:8.5.15]
	at org.apache.catalina.core.StandardHostValve.invoke(StandardHostValve.java:175) [tomcat-embed-core-8.5.15.jar:8.5.15]
	at org.apache.catalina.valves.ErrorReportValve.invoke(ErrorReportValve.java:80) [tomcat-embed-core-8.5.15.jar:8.5.15]
	at org.apache.catalina.core.StandardEngineValve.invoke(StandardEngineValve.java:87) [tomcat-embed-core-8.5.15.jar:8.5.15]
	at org.apache.catalina.connector.CoyoteAdapter.service(CoyoteAdapter.java:342) [tomcat-embed-core-8.5.15.jar:8.5.15]
	at org.apache.coyote.http11.Http11Processor.service(Http11Processor.java:799) [tomcat-embed-core-8.5.15.jar:8.5.15]
	at org.apache.coyote.AbstractProcessorLight.process(AbstractProcessorLight.java:66) [tomcat-embed-core-8.5.15.jar:8.5.15]
	at org.apache.coyote.AbstractProtocol$ConnectionHandler.process(AbstractProtocol.java:861) [tomcat-embed-core-8.5.15.jar:8.5.15]
	at org.apache.tomcat.util.net.NioEndpoint$SocketProcessor.doRun(NioEndpoint.java:1455) [tomcat-embed-core-8.5.15.jar:8.5.15]
	at org.apache.tomcat.util.net.SocketProcessorBase.run(SocketProcessorBase.java:49) [tomcat-embed-core-8.5.15.jar:8.5.15]
	at java.util.concurrent.ThreadPoolExecutor.runWorker(ThreadPoolExecutor.java:1149) [?:1.8.0_144]
	at java.util.concurrent.ThreadPoolExecutor$Worker.run(ThreadPoolExecutor.java:624) [?:1.8.0_144]
	at org.apache.tomcat.util.threads.TaskThread$WrappingRunnable.run(TaskThread.java:61) [tomcat-embed-core-8.5.15.jar:8.5.15]
	at java.lang.Thread.run(Thread.java:748) [?:1.8.0_144]
2017-08-24 21:45:05.863 [http-nio-8081-exec-2] INFO  com.udiannet.passenger.statistice.proxy.filter.CommonFilter - executing request http://api.resource.dotransit.net/basedata/auth/user
2017-08-24 21:45:06.004 [http-nio-8081-exec-2] INFO  com.udiannet.passenger.statistice.proxy.filter.CommonFilter - 用户:chaoji01 验证权限
2017-08-24 21:45:06.004 [http-nio-8081-exec-2] INFO  com.udiannet.passenger.statistice.proxy.filter.CommonFilter - token验证成功， do filter! 请求url:http://localhost:8081
